<?xml version="1.0" encoding="UTF-8"?>
<testng-results ignored="0" total="1" passed="1" failed="0" skipped="0">
  <reporter-output>
  </reporter-output>
  <suite started-at="2025-02-22T20:39:40 IST" name="Default suite" finished-at="2025-02-22T20:39:40 IST" duration-ms="99">
    <groups>
    </groups>
    <test started-at="2025-02-22T20:39:40 IST" name="Default test" finished-at="2025-02-22T20:39:40 IST" duration-ms="99">
      <class name="pageobjects.BaseClass">
        <test-method signature="m1()[pri:0, instance:pageobjects.BaseClass@16293aa2]" started-at="2025-02-22T20:39:40 IST" name="m1" finished-at="2025-02-22T20:39:40 IST" duration-ms="17" status="PASS">
          <reporter-output>
          </reporter-output>
        </test-method> <!-- m1 -->
      </class> <!-- pageobjects.BaseClass -->
    </test> <!-- Default test -->
  </suite> <!-- Default suite -->
</testng-results>
